<?xml version="1.0" encoding="UTF-8"?>
<!-- Generated by org.testng.reporters.JUnitXMLReporter -->
<testsuite ignored="0" hostname="Nirmal" failures="0" tests="2" name="Test" time="25.452" errors="0" timestamp="03 Aug 2023 11:35:01 GMT">
  <testcase classname="compracticesession.demoseleniumframework.Standalone" name="firsttest" time="8.93">
    <skipped/>
  </testcase> <!-- firsttest -->
  <testcase classname="compracticesession.demoseleniumframework.Standalone" name="firsttest" time="16.489"/>
</testsuite> <!-- Test -->
