<?xml version="1.0" encoding="UTF-8"?>
<testng-results ignored="0" total="1" passed="1" failed="0" skipped="0">
  <reporter-output>
  </reporter-output>
  <suite started-at="2023-08-03T11:59:13Z" name="Suite" finished-at="2023-08-03T11:59:34Z" duration-ms="21482">
    <groups>
    </groups>
    <test started-at="2023-08-03T11:59:13Z" name="Test" finished-at="2023-08-03T11:59:34Z" duration-ms="21482">
      <class name="compracticesession.demoseleniumframework.Standalone">
        <test-method signature="firsttest()[pri:0, instance:compracticesession.demoseleniumframework.Standalone@4409e975]" started-at="2023-08-03T11:59:13Z" name="firsttest" finished-at="2023-08-03T11:59:34Z" duration-ms="21464" status="PASS">
          <reporter-output>
          </reporter-output>
        </test-method> <!-- firsttest -->
      </class> <!-- compracticesession.demoseleniumframework.Standalone -->
    </test> <!-- Test -->
  </suite> <!-- Suite -->
</testng-results>
